0
0
0
0
0
1
0
a
bb
bbab
bbabab
bbababab
bbabababab
bbababababab
bbabababababab
bbababababababab
bbabababababababab
bbababababababababab
bbabababababababababab
bbababababababababababab
bbabababababababababababab
bbababababababababababababab
bbabababababababababababababab
bbababababababababababababababab
bbabababababababababababababababab
bbababababababababababababababababab
bbabababababababababababababababababab
bbababababababababababababababababababab
bbabababababababababababababababababababab
bbababababababababababababababababababababab
bbabababababababababababababababababababababab
bbababababababababababababababababababababababab
bbabababababababababababababababababababababababab
bbababababababababababababababababababababababababab
bbabababababababababababababababababababababababababab
bbababababababababababababababababababababababababababab
bbabababababababababababababababababababababababababababab
bbababababababababababababababababababababababababababababab
bbabababababababababababababababababababababababababababababab
bbababababababababababababababababababababababababababababababab
bbabababababababababababababababababababababababababababababababab
bbababababababababababababababababababababababababababababababababab
bbabababababababababababababababababababababababababababababababababab
bbababababababababababababababababababababababababababababababababababab
bbabababababababababababababababababababababababababababababababababababab
bbababababababababababababababababababababababababababababababababababababab
bbabababababababababababababababababababababababababababababababababababababab
bbababababababababababababababababababababababababababababababababababababababab
bbabababababababababababababababababababababababababababababababababababababababab
bbababababababababababababababababababababababababababababababababababababababababab
bbabababababababababababababababababababababababababababababababababababababababababab
bbababababababababababababababababababababababababababababababababababababababababababab
bbabababababababababababababababababababababababababababababababababababababababababababab
bbababababababababababababababababababababababababababababababababababababababababababababab
bbabababababababababababababababababababababababababababababababababababababababababababababab
bbababababababababababababababababababababababababababababababababababababababababababababababab
bbabababababababababababababababababababababababababababababababababababababababababababababababab
bbababababababababababababababababababababababababababababababababababababababababababababababababab
bbabababababababababababababababababababababababababababababababababababababababababababababababababab
bbababababababababababababababababababababababababababababababababababababababababababababababababababab
bbabababababababababababababababababababababababababababababababababababababababababababababababababababab
bbababababababababababababababababababababababababababababababababababababababababababababababababababababab
bbabababababababababababababababababababababababababababababababababababababababababababababababababababababab
bbababababababababababababababababababababababababababababababababababababababababababababababababababababababab
bbabababababababababababababababababababababababababababababababababababababababababababababababababababababababab
bbababababababababababababababababababababababababababababababababababababababababababababababababababababababababab
bbabababababababababababababababababababababababababababababababababababababababababababababababababababababababababab
bbababababababababababababababababababababababababababababababababababababababababababababababababababababababababababab
bbabababababababababababababababababababababababababababababababababababababababababababababababababababababababababababab
bbababababababababababababababababababababababababababababababababababababababababababababababababababababababababababababab
bbabababababababababababababababababababababababababababababababababababababababababababababababababababababababababababababab
bbababababababababababababababababababababababababababababababababababababababababababababababababababababababababababababababab
bbabababababababababababababababababababababababababababababababababababababababababababababababababababababababababababababababab
bbababababababababababababababababababababababababababababababababababababababababababababababababababababababababababababababababab
bbabababababababababababababababababababababababababababababababababababababababababababababababababababababababababababababababababab
bbababababababababababababababababababababababababababababababababababababababababababababababababababababababababababababababababababab
bbabababababababababababababababababababababababababababababababababababababababababababababababababababababababababababababababababababab
bbababababababababababababababababababababababababababababababababababababababababababababababababababababababababababababababababababababab
bbabababababababababababababababababababababababababababababababababababababababababababababababababababababababababababababababababababababab
bbababababababababababababababababababababababababababababababababababababababababababababababababababababababababababababababababababababababab
bbabababababababababababababababababababababababababababababababababababababababababababababababababababababababababababababababababababababababab
bbababababababababababababababababababababababababababababababababababababababababababababababababababababababababababababababababababababababababab
bbabababababababababababababababababababababababababababababababababababababababababababababababababababababababababababababababababababababababababab
bbababababababababababababababababababababababababababababababababababababababababababababababababababababababababababababababababababababababababababab
bbabababababababababababababababababababababababababababababababababababababababababababababababababababababababababababababababababababababababababababab
bbababababababababababababababababababababababababababababababababababababababababababababababababababababababababababababababababababababababababababababab
bbabababababababababababababababababababababababababababababababababababababababababababababababababababababababababababababababababababababababababababababab
bbababababababababababababababababababababababababababababababababababababababababababababababababababababababababababababababababababababababababababababababab
bbabababababababababababababababababababababababababababababababababababababababababababababababababababababababababababababababababababababababababababababababab
bbababababababababababababababababababababababababababababababababababababababababababababababababababababababababababababababababababababababababababababababababab
bbabababababababababababababababababababababababababababababababababababababababababababababababababababababababababababababababababababababababababababababababababab
bbababababababababababababababababababababababababababababababababababababababababababababababababababababababababababababababababababababababababababababababababababab
bbabababababababababababababababababababababababababababababababababababababababababababababababababababababababababababababababababababababababababababababababababababab
bbababababababababababababababababababababababababababababababababababababababababababababababababababababababababababababababababababababababababababababababababababababab
bbabababababababababababababababababababababababababababababababababababababababababababababababababababababababababababababababababababababababababababababababababababababab
bbababababababababababababababababababababababababababababababababababababababababababababababababababababababababababababababababababababababababababababababababababababababab
bbabababababababababababababababababababababababababababababababababababababababababababababababababababababababababababababababababababababababababababababababababababababababab
bbababababababababababababababababababababababababababababababababababababababababababababababababababababababababababababababababababababababababababababababababababababababababab
bbabababababababababababababababababababababababababababababababababababababababababababababababababababababababababababababababababababababababababababababababababababababababababab
bbababababababababababababababababababababababababababababababababababababababababababababababababababababababababababababababababababababababababababababababababababababababababababab
bbabababababababababababababababababababababababababababababababababababababababababababababababababababababababababababababababababababababababababababababababababababababababababababab
bbababababababababababababababababababababababababababababababababababababababababababababababababababababababababababababababababababababababababababababababababababababababababababababab
bbabababababababababababababababababababababababababababababababababababababababababababababababababababababababababababababababababababababababababababababababababababababababababababababab
bbababababababababababababababababababababababababababababababababababababababababababababababababababababababababababababababababababababababababababababababababababababababababababababababab
bbabababababababababababababababababababababababababababababababababababababababababababababababababababababababababababababababababababababababababababababababababababababababababababababababab
bbababababababababababababababababababababababababababababababababababababababababababababababababababababababababababababababababababababababababababababababababababababababababababababababababab
bbabababababababababababababababababababababababababababababababababababababababababababababababababababababababababababababababababababababababababababababababababababababababababababababababababab
